[debug] [2025-10-18T06:47:20.840Z] ----------------------------------------------------------------------
[debug] [2025-10-18T06:47:20.842Z] Command:       /home/bupe/.nvm/versions/node/v22.20.0/bin/node /home/bupe/.nvm/versions/node/v22.20.0/bin/firebase init
[debug] [2025-10-18T06:47:20.843Z] CLI Version:   14.20.0
[debug] [2025-10-18T06:47:20.843Z] Platform:      linux
[debug] [2025-10-18T06:47:20.843Z] Node Version:  v22.20.0
[debug] [2025-10-18T06:47:20.843Z] Time:          Sat Oct 18 2025 08:47:20 GMT+0200 (Central Africa Time)
[debug] [2025-10-18T06:47:20.844Z] ----------------------------------------------------------------------
[debug] 
[info] 
     ######## #### ########  ######## ########     ###     ######  ########
     ##        ##  ##     ## ##       ##     ##  ##   ##  ##       ##
     ######    ##  ########  ######   ########  #########  ######  ######
     ##        ##  ##    ##  ##       ##     ## ##     ##       ## ##
     ##       #### ##     ## ######## ########  ##     ##  ######  ########

You're about to initialize a Firebase project in this directory:

  /home/bupe/giftedsolutions

[info] 
=== Project Setup
[info] 
[info] First, let's associate this project directory with a Firebase project.
[info] You can create multiple project aliases by running firebase use --add, 
[info] 
[debug] [2025-10-18T06:47:50.898Z] > command requires scopes: ["email","openid","https://www.googleapis.com/auth/cloudplatformprojects.readonly","https://www.googleapis.com/auth/firebase","https://www.googleapis.com/auth/cloud-platform"]
[debug] [2025-10-18T06:47:50.898Z] > authorizing via signed-in user (giftedsolutions20@gmail.com)
[debug] [2025-10-18T06:47:50.899Z] Checked if tokens are valid: true, expires at: 1760773590856
[debug] [2025-10-18T06:47:50.899Z] Checked if tokens are valid: true, expires at: 1760773590856
[debug] [2025-10-18T06:47:50.901Z] >>> [apiv2][query] GET https://firebase.googleapis.com/v1beta1/projects pageSize=100
[debug] [2025-10-18T06:47:52.201Z] <<< [apiv2][status] GET https://firebase.googleapis.com/v1beta1/projects 200
[debug] [2025-10-18T06:47:52.201Z] <<< [apiv2][body] GET https://firebase.googleapis.com/v1beta1/projects [omitted]
[info] 
=== Dataconnect Setup
[debug] [2025-10-18T06:47:55.400Z] Checked if tokens are valid: true, expires at: 1760773590856
[debug] [2025-10-18T06:47:55.400Z] Checked if tokens are valid: true, expires at: 1760773590856
[debug] [2025-10-18T06:47:55.401Z] >>> [apiv2][query] GET https://cloudbilling.googleapis.com/v1/projects/giftedsolutions-53124/billingInfo [none]
[debug] [2025-10-18T06:47:57.231Z] <<< [apiv2][status] GET https://cloudbilling.googleapis.com/v1/projects/giftedsolutions-53124/billingInfo 200
[debug] [2025-10-18T06:47:57.232Z] <<< [apiv2][body] GET https://cloudbilling.googleapis.com/v1/projects/giftedsolutions-53124/billingInfo {"name":"projects/giftedsolutions-53124/billingInfo","projectId":"giftedsolutions-53124","billingAccountName":"","billingEnabled":false}
[info] i  dataconnect: ensuring required API firebasedataconnect.googleapis.com is enabled... 
[debug] [2025-10-18T06:47:57.232Z] Checked if tokens are valid: true, expires at: 1760773590856
[debug] [2025-10-18T06:47:57.232Z] Checked if tokens are valid: true, expires at: 1760773590856
[info] i  dataconnect: ensuring required API sqladmin.googleapis.com is enabled... 
[debug] [2025-10-18T06:47:57.233Z] Checked if tokens are valid: true, expires at: 1760773590856
[debug] [2025-10-18T06:47:57.233Z] Checked if tokens are valid: true, expires at: 1760773590856
[debug] [2025-10-18T06:47:57.233Z] >>> [apiv2][query] GET https://serviceusage.googleapis.com/v1/projects/giftedsolutions-53124/services/firebasedataconnect.googleapis.com [none]
[debug] [2025-10-18T06:47:57.233Z] >>> [apiv2][(partial)header] GET https://serviceusage.googleapis.com/v1/projects/giftedsolutions-53124/services/firebasedataconnect.googleapis.com x-goog-quota-user=projects/giftedsolutions-53124
[debug] [2025-10-18T06:47:57.234Z] >>> [apiv2][query] GET https://serviceusage.googleapis.com/v1/projects/giftedsolutions-53124/services/sqladmin.googleapis.com [none]
[debug] [2025-10-18T06:47:57.234Z] >>> [apiv2][(partial)header] GET https://serviceusage.googleapis.com/v1/projects/giftedsolutions-53124/services/sqladmin.googleapis.com x-goog-quota-user=projects/giftedsolutions-53124
[debug] [2025-10-18T06:47:59.828Z] <<< [apiv2][status] GET https://serviceusage.googleapis.com/v1/projects/giftedsolutions-53124/services/firebasedataconnect.googleapis.com 200
[debug] [2025-10-18T06:47:59.829Z] <<< [apiv2][body] GET https://serviceusage.googleapis.com/v1/projects/giftedsolutions-53124/services/firebasedataconnect.googleapis.com [omitted]
[warn] ⚠  dataconnect: missing required API firebasedataconnect.googleapis.com. Enabling now... 
[debug] [2025-10-18T06:47:59.829Z] Checked if tokens are valid: true, expires at: 1760773590856
[debug] [2025-10-18T06:47:59.830Z] Checked if tokens are valid: true, expires at: 1760773590856
[debug] [2025-10-18T06:47:59.830Z] >>> [apiv2][query] POST https://serviceusage.googleapis.com/v1/projects/giftedsolutions-53124/services/firebasedataconnect.googleapis.com:enable [none]
[debug] [2025-10-18T06:47:59.830Z] >>> [apiv2][(partial)header] POST https://serviceusage.googleapis.com/v1/projects/giftedsolutions-53124/services/firebasedataconnect.googleapis.com:enable x-goog-quota-user=projects/giftedsolutions-53124
[debug] [2025-10-18T06:48:00.218Z] <<< [apiv2][status] GET https://serviceusage.googleapis.com/v1/projects/giftedsolutions-53124/services/sqladmin.googleapis.com 200
[debug] [2025-10-18T06:48:00.218Z] <<< [apiv2][body] GET https://serviceusage.googleapis.com/v1/projects/giftedsolutions-53124/services/sqladmin.googleapis.com [omitted]
[warn] ⚠  dataconnect: missing required API sqladmin.googleapis.com. Enabling now... 
[debug] [2025-10-18T06:48:00.218Z] Checked if tokens are valid: true, expires at: 1760773590856
[debug] [2025-10-18T06:48:00.219Z] Checked if tokens are valid: true, expires at: 1760773590856
[debug] [2025-10-18T06:48:00.219Z] >>> [apiv2][query] POST https://serviceusage.googleapis.com/v1/projects/giftedsolutions-53124/services/sqladmin.googleapis.com:enable [none]
[debug] [2025-10-18T06:48:00.219Z] >>> [apiv2][(partial)header] POST https://serviceusage.googleapis.com/v1/projects/giftedsolutions-53124/services/sqladmin.googleapis.com:enable x-goog-quota-user=projects/giftedsolutions-53124
[debug] [2025-10-18T06:48:01.437Z] <<< [apiv2][status] POST https://serviceusage.googleapis.com/v1/projects/giftedsolutions-53124/services/sqladmin.googleapis.com:enable 200
[debug] [2025-10-18T06:48:01.437Z] <<< [apiv2][body] POST https://serviceusage.googleapis.com/v1/projects/giftedsolutions-53124/services/sqladmin.googleapis.com:enable [omitted]
[debug] [2025-10-18T06:48:01.822Z] <<< [apiv2][status] POST https://serviceusage.googleapis.com/v1/projects/giftedsolutions-53124/services/firebasedataconnect.googleapis.com:enable 200
[debug] [2025-10-18T06:48:01.823Z] <<< [apiv2][body] POST https://serviceusage.googleapis.com/v1/projects/giftedsolutions-53124/services/firebasedataconnect.googleapis.com:enable [omitted]
[debug] [2025-10-18T06:48:11.830Z] Checked if tokens are valid: true, expires at: 1760773590856
[debug] [2025-10-18T06:48:11.830Z] Checked if tokens are valid: true, expires at: 1760773590856
[debug] [2025-10-18T06:48:11.831Z] >>> [apiv2][query] GET https://firebasedataconnect.googleapis.com/v1/projects/giftedsolutions-53124/locations/-/services [none]
[debug] [2025-10-18T06:48:14.555Z] <<< [apiv2][status] GET https://firebasedataconnect.googleapis.com/v1/projects/giftedsolutions-53124/locations/-/services 200
[debug] [2025-10-18T06:48:14.555Z] <<< [apiv2][body] GET https://firebasedataconnect.googleapis.com/v1/projects/giftedsolutions-53124/locations/-/services {}
[info] i  : ensuring required API cloudaicompanion.googleapis.com is enabled... 
[debug] [2025-10-18T06:48:43.377Z] Checked if tokens are valid: true, expires at: 1760773590856
[debug] [2025-10-18T06:48:43.378Z] Checked if tokens are valid: true, expires at: 1760773590856
[debug] [2025-10-18T06:48:43.378Z] >>> [apiv2][query] GET https://serviceusage.googleapis.com/v1/projects/giftedsolutions-53124/services/cloudaicompanion.googleapis.com [none]
[debug] [2025-10-18T06:48:43.378Z] >>> [apiv2][(partial)header] GET https://serviceusage.googleapis.com/v1/projects/giftedsolutions-53124/services/cloudaicompanion.googleapis.com x-goog-quota-user=projects/giftedsolutions-53124
[debug] [2025-10-18T06:48:46.124Z] <<< [apiv2][status] GET https://serviceusage.googleapis.com/v1/projects/giftedsolutions-53124/services/cloudaicompanion.googleapis.com 200
[debug] [2025-10-18T06:48:46.125Z] <<< [apiv2][body] GET https://serviceusage.googleapis.com/v1/projects/giftedsolutions-53124/services/cloudaicompanion.googleapis.com [omitted]
[info] ✔  : required API cloudaicompanion.googleapis.com is enabled 
[debug] [2025-10-18T06:48:53.795Z] Checked if tokens are valid: true, expires at: 1760773590856
[debug] [2025-10-18T06:48:53.795Z] Checked if tokens are valid: true, expires at: 1760773590856
[debug] [2025-10-18T06:48:53.797Z] >>> [apiv2][query] GET https://firebasedataconnect.googleapis.com/v1/projects/giftedsolutions-53124/locations [none]
[debug] [2025-10-18T06:48:56.172Z] <<< [apiv2][status] GET https://firebasedataconnect.googleapis.com/v1/projects/giftedsolutions-53124/locations 200
[debug] [2025-10-18T06:48:56.172Z] <<< [apiv2][body] GET https://firebasedataconnect.googleapis.com/v1/projects/giftedsolutions-53124/locations {"locations":[{"name":"projects/giftedsolutions-53124/locations/asia-east1","locationId":"asia-east1","displayName":"Taiwan"},{"name":"projects/giftedsolutions-53124/locations/asia-east2","locationId":"asia-east2","displayName":"Hong Kong"},{"name":"projects/giftedsolutions-53124/locations/asia-northeast1","locationId":"asia-northeast1","displayName":"Tokyo"},{"name":"projects/giftedsolutions-53124/locations/asia-northeast2","locationId":"asia-northeast2","displayName":"Osaka"},{"name":"projects/giftedsolutions-53124/locations/asia-northeast3","locationId":"asia-northeast3","displayName":"Seoul"},{"name":"projects/giftedsolutions-53124/locations/asia-south1","locationId":"asia-south1","displayName":"Mumbai"},{"name":"projects/giftedsolutions-53124/locations/asia-southeast1","locationId":"asia-southeast1","displayName":"Singapore"},{"name":"projects/giftedsolutions-53124/locations/asia-southeast2","locationId":"asia-southeast2","displayName":"Jakarta"},{"name":"projects/giftedsolutions-53124/locations/australia-southeast1","locationId":"australia-southeast1","displayName":"Sydney"},{"name":"projects/giftedsolutions-53124/locations/australia-southeast2","locationId":"australia-southeast2","displayName":"Melbourne"},{"name":"projects/giftedsolutions-53124/locations/europe-central2","locationId":"europe-central2","displayName":"Warsaw"},{"name":"projects/giftedsolutions-53124/locations/europe-north1","locationId":"europe-north1","displayName":"Finland"},{"name":"projects/giftedsolutions-53124/locations/europe-southwest1","locationId":"europe-southwest1","displayName":"Madrid"},{"name":"projects/giftedsolutions-53124/locations/europe-west1","locationId":"europe-west1","displayName":"Belgium"},{"name":"projects/giftedsolutions-53124/locations/europe-west2","locationId":"europe-west2","displayName":"London"},{"name":"projects/giftedsolutions-53124/locations/europe-west3","locationId":"europe-west3","displayName":"Frankfurt"},{"name":"projects/giftedsolutions-53124/locations/europe-west4","locationId":"europe-west4","displayName":"Netherlands"},{"name":"projects/giftedsolutions-53124/locations/europe-west6","locationId":"europe-west6","displayName":"Zurich"},{"name":"projects/giftedsolutions-53124/locations/europe-west8","locationId":"europe-west8","displayName":"Milan"},{"name":"projects/giftedsolutions-53124/locations/europe-west9","locationId":"europe-west9","displayName":"Paris"},{"name":"projects/giftedsolutions-53124/locations/me-west1","locationId":"me-west1","displayName":"Tel Aviv"},{"name":"projects/giftedsolutions-53124/locations/northamerica-northeast1","locationId":"northamerica-northeast1","displayName":"Montréal"},{"name":"projects/giftedsolutions-53124/locations/northamerica-northeast2","locationId":"northamerica-northeast2","displayName":"Toronto"},{"name":"projects/giftedsolutions-53124/locations/southamerica-east1","locationId":"southamerica-east1","displayName":"São Paulo"},{"name":"projects/giftedsolutions-53124/locations/southamerica-west1","locationId":"southamerica-west1","displayName":"Santiago"},{"name":"projects/giftedsolutions-53124/locations/us-central1","locationId":"us-central1","displayName":"Iowa"},{"name":"projects/giftedsolutions-53124/locations/us-east1","locationId":"us-east1","displayName":"South Carolina"},{"name":"projects/giftedsolutions-53124/locations/us-east4","locationId":"us-east4","displayName":"Northern Virginia"},{"name":"projects/giftedsolutions-53124/locations/us-south1","locationId":"us-south1","displayName":"Dallas"},{"name":"projects/giftedsolutions-53124/locations/us-west1","locationId":"us-west1","displayName":"Oregon"},{"name":"projects/giftedsolutions-53124/locations/us-west2","locationId":"us-west2","displayName":"Los Angeles"},{"name":"projects/giftedsolutions-53124/locations/us-west3","locationId":"us-west3","displayName":"Salt Lake City"},{"name":"projects/giftedsolutions-53124/locations/us-west4","locationId":"us-west4","displayName":"Las Vegas"}]}
[info] ✔  dataconnect: Detected existing apps . (web) 
[debug] [2025-10-18T06:48:58.387Z] Checked if tokens are valid: true, expires at: 1760773590856
[debug] [2025-10-18T06:48:58.387Z] Checked if tokens are valid: true, expires at: 1760773590856
[debug] [2025-10-18T06:48:58.387Z] >>> [apiv2][query] POST https://firebasedataconnect.googleapis.com/v1/projects/giftedsolutions-53124/locations/us-east4/services service_id=giftedsolutions
[debug] [2025-10-18T06:48:58.388Z] >>> [apiv2][body] POST https://firebasedataconnect.googleapis.com/v1/projects/giftedsolutions-53124/locations/us-east4/services {"name":"projects/giftedsolutions-53124/locations/us-east4/services/giftedsolutions"}
[debug] [2025-10-18T06:49:01.365Z] <<< [apiv2][status] POST https://firebasedataconnect.googleapis.com/v1/projects/giftedsolutions-53124/locations/us-east4/services 200
[debug] [2025-10-18T06:49:01.365Z] <<< [apiv2][body] POST https://firebasedataconnect.googleapis.com/v1/projects/giftedsolutions-53124/locations/us-east4/services {"name":"projects/giftedsolutions-53124/locations/us-east4/operations/operation-1760770139738-641693eb5d0f0-a63f9219-6c88f09a","metadata":{"@type":"type.googleapis.com/google.firebase.dataconnect.v1.OperationMetadata","createTime":"2025-10-18T06:49:01.176339518Z","target":"projects/giftedsolutions-53124/locations/us-east4/services/giftedsolutions","verb":"create","requestedCancellation":false,"apiVersion":"v1"},"done":false}
[debug] [2025-10-18T06:49:01.368Z] Checked if tokens are valid: true, expires at: 1760773590856
[debug] [2025-10-18T06:49:01.368Z] Checked if tokens are valid: true, expires at: 1760773590856
[debug] [2025-10-18T06:49:01.368Z] >>> [apiv2][query] GET https://firebasedataconnect.googleapis.com/v1/projects/giftedsolutions-53124/locations/us-east4/operations/operation-1760770139738-641693eb5d0f0-a63f9219-6c88f09a [none]
[debug] [2025-10-18T06:49:01.726Z] <<< [apiv2][status] GET https://firebasedataconnect.googleapis.com/v1/projects/giftedsolutions-53124/locations/us-east4/operations/operation-1760770139738-641693eb5d0f0-a63f9219-6c88f09a 200
[debug] [2025-10-18T06:49:01.726Z] <<< [apiv2][body] GET https://firebasedataconnect.googleapis.com/v1/projects/giftedsolutions-53124/locations/us-east4/operations/operation-1760770139738-641693eb5d0f0-a63f9219-6c88f09a {"name":"projects/giftedsolutions-53124/locations/us-east4/operations/operation-1760770139738-641693eb5d0f0-a63f9219-6c88f09a","metadata":{"@type":"type.googleapis.com/google.firebase.dataconnect.v1.OperationMetadata","createTime":"2025-10-18T06:49:01.176339518Z","target":"projects/giftedsolutions-53124/locations/us-east4/services/giftedsolutions","verb":"create","requestedCancellation":false,"apiVersion":"v1"},"done":false}
[debug] [2025-10-18T06:49:02.228Z] [LRO Poller] Retrying task index 0
[debug] [2025-10-18T06:49:02.229Z] Checked if tokens are valid: true, expires at: 1760773590856
[debug] [2025-10-18T06:49:02.229Z] Checked if tokens are valid: true, expires at: 1760773590856
[debug] [2025-10-18T06:49:02.229Z] >>> [apiv2][query] GET https://firebasedataconnect.googleapis.com/v1/projects/giftedsolutions-53124/locations/us-east4/operations/operation-1760770139738-641693eb5d0f0-a63f9219-6c88f09a [none]
[debug] [2025-10-18T06:49:03.163Z] <<< [apiv2][status] GET https://firebasedataconnect.googleapis.com/v1/projects/giftedsolutions-53124/locations/us-east4/operations/operation-1760770139738-641693eb5d0f0-a63f9219-6c88f09a 200
[debug] [2025-10-18T06:49:03.163Z] <<< [apiv2][body] GET https://firebasedataconnect.googleapis.com/v1/projects/giftedsolutions-53124/locations/us-east4/operations/operation-1760770139738-641693eb5d0f0-a63f9219-6c88f09a {"name":"projects/giftedsolutions-53124/locations/us-east4/operations/operation-1760770139738-641693eb5d0f0-a63f9219-6c88f09a","metadata":{"@type":"type.googleapis.com/google.firebase.dataconnect.v1.OperationMetadata","createTime":"2025-10-18T06:49:01.176339518Z","endTime":"2025-10-18T06:49:02.298096909Z","target":"projects/giftedsolutions-53124/locations/us-east4/services/giftedsolutions","verb":"create","requestedCancellation":false,"apiVersion":"v1"},"done":true,"response":{"@type":"type.googleapis.com/google.firebase.dataconnect.v1.Service","name":"projects/giftedsolutions-53124/locations/us-east4/services/giftedsolutions","createTime":"2025-10-18T06:49:01.171379491Z","updateTime":"2025-10-18T06:49:01.171379491Z","uid":"ca9c6153-e0c8-4f9f-beb8-aba77a8c6d1c","reconciling":false,"etag":"CjLTX90nkO9793BXw50KFJWSnXDTOd7yk3dyraOLAcA"}}
[debug] [2025-10-18T06:49:03.173Z] Checked if tokens are valid: true, expires at: 1760773590856
[debug] [2025-10-18T06:49:03.173Z] Checked if tokens are valid: true, expires at: 1760773590856
[debug] [2025-10-18T06:49:03.173Z] >>> [apiv2][query] POST https://cloudaicompanion.googleapis.com/v1beta/projects/giftedsolutions-53124/locations/global/instances/default:completeTask [none]
[debug] [2025-10-18T06:49:03.174Z] >>> [apiv2][body] POST https://cloudaicompanion.googleapis.com/v1beta/projects/giftedsolutions-53124/locations/global/instances/default:completeTask {"input":{"messages":[{"content":"ecommerce","author":"USER"}]},"experienceContext":{"experience":"/appeco/firebase/fdc-schema-generator"}}
[debug] [2025-10-18T06:49:10.021Z] <<< [apiv2][status] POST https://cloudaicompanion.googleapis.com/v1beta/projects/giftedsolutions-53124/locations/global/instances/default:completeTask 200
[debug] [2025-10-18T06:49:10.022Z] <<< [apiv2][body] POST https://cloudaicompanion.googleapis.com/v1beta/projects/giftedsolutions-53124/locations/global/instances/default:completeTask {"output":{"messages":[{"content":"```graphql\ntype User @table {\n  email: String!\n  displayName: String!\n  createdAt: Timestamp!\n  shippingAddress: String\n  billingAddress: String\n  phoneNumber: String\n}\n\ntype Product @table {\n  name: String!\n  description: String!\n  price: Float!\n  stockQuantity: Int!\n  createdAt: Timestamp!\n  seller: User\n  imageUrl: String\n  category: String\n  weight: Float\n}\n\ntype Order @table {\n  orderDate: Timestamp!\n  totalAmount: Float!\n  status: String!\n  buyer: User\n  shippingAddress: String\n  trackingNumber: String\n}\n\ntype OrderItem @table(key: [\"order\", \"product\"]) {\n  order: Order!\n  product: Product!\n  quantity: Int!\n  unitPrice: Float!\n}\n\ntype Review @table {\n  rating: Int!\n  reviewText: String!\n  createdAt: Timestamp!\n  user: User\n  product: Product\n  imageUrls: [String]\n}\n```\n"}]},"displayContext":{"additionalContext":{"@type":"type.googleapis.com/google.cloud.cloudaicompanion.v1main.FirebaseChatDisplayContext","firebaseFdcDisplayContext":{"schemaSyntaxError":""}}}}
[debug] [2025-10-18T06:49:10.024Z] Checked if tokens are valid: true, expires at: 1760773590856
[debug] [2025-10-18T06:49:10.025Z] Checked if tokens are valid: true, expires at: 1760773590856
[debug] [2025-10-18T06:49:10.025Z] >>> [apiv2][query] PATCH https://firebasedataconnect.googleapis.com/v1/projects/giftedsolutions-53124/locations/us-east4/services/giftedsolutions/schemas/main allowMissing=true&validateOnly=false
[debug] [2025-10-18T06:49:10.025Z] >>> [apiv2][body] PATCH https://firebasedataconnect.googleapis.com/v1/projects/giftedsolutions-53124/locations/us-east4/services/giftedsolutions/schemas/main {"name":"projects/giftedsolutions-53124/locations/us-east4/services/giftedsolutions/schemas/main","datasources":[{"postgresql":{}}],"source":{"files":[{"path":"schema.gql","content":"type User @table {\n  email: String!\n  displayName: String!\n  createdAt: Timestamp!\n  shippingAddress: String\n  billingAddress: String\n  phoneNumber: String\n}\n\ntype Product @table {\n  name: String!\n  description: String!\n  price: Float!\n  stockQuantity: Int!\n  createdAt: Timestamp!\n  seller: User\n  imageUrl: String\n  category: String\n  weight: Float\n}\n\ntype Order @table {\n  orderDate: Timestamp!\n  totalAmount: Float!\n  status: String!\n  buyer: User\n  shippingAddress: String\n  trackingNumber: String\n}\n\ntype OrderItem @table(key: [\"order\", \"product\"]) {\n  order: Order!\n  product: Product!\n  quantity: Int!\n  unitPrice: Float!\n}\n\ntype Review @table {\n  rating: Int!\n  reviewText: String!\n  createdAt: Timestamp!\n  user: User\n  product: Product\n  imageUrls: [String]\n}"}]}}
[debug] [2025-10-18T06:49:12.253Z] <<< [apiv2][status] PATCH https://firebasedataconnect.googleapis.com/v1/projects/giftedsolutions-53124/locations/us-east4/services/giftedsolutions/schemas/main 200
[debug] [2025-10-18T06:49:12.253Z] <<< [apiv2][body] PATCH https://firebasedataconnect.googleapis.com/v1/projects/giftedsolutions-53124/locations/us-east4/services/giftedsolutions/schemas/main {"name":"projects/giftedsolutions-53124/locations/us-east4/operations/operation-1760770152042-641693f7191ae-96cdfdfa-99faccaf","metadata":{"@type":"type.googleapis.com/google.firebase.dataconnect.v1.OperationMetadata","createTime":"2025-10-18T06:49:12.105039997Z","target":"projects/giftedsolutions-53124/locations/us-east4/services/giftedsolutions/schemas/main","verb":"update","requestedCancellation":false,"apiVersion":"v1"},"done":false}
[debug] [2025-10-18T06:49:12.253Z] Checked if tokens are valid: true, expires at: 1760773590856
[debug] [2025-10-18T06:49:12.253Z] Checked if tokens are valid: true, expires at: 1760773590856
[debug] [2025-10-18T06:49:12.254Z] >>> [apiv2][query] GET https://firebasedataconnect.googleapis.com/v1/projects/giftedsolutions-53124/locations/us-east4/operations/operation-1760770152042-641693f7191ae-96cdfdfa-99faccaf [none]
[debug] [2025-10-18T06:49:12.607Z] <<< [apiv2][status] GET https://firebasedataconnect.googleapis.com/v1/projects/giftedsolutions-53124/locations/us-east4/operations/operation-1760770152042-641693f7191ae-96cdfdfa-99faccaf 200
[debug] [2025-10-18T06:49:12.608Z] <<< [apiv2][body] GET https://firebasedataconnect.googleapis.com/v1/projects/giftedsolutions-53124/locations/us-east4/operations/operation-1760770152042-641693f7191ae-96cdfdfa-99faccaf {"name":"projects/giftedsolutions-53124/locations/us-east4/operations/operation-1760770152042-641693f7191ae-96cdfdfa-99faccaf","metadata":{"@type":"type.googleapis.com/google.firebase.dataconnect.v1.OperationMetadata","createTime":"2025-10-18T06:49:12.105039997Z","endTime":"2025-10-18T06:49:12.338761202Z","target":"projects/giftedsolutions-53124/locations/us-east4/services/giftedsolutions/schemas/main","verb":"update","requestedCancellation":false,"apiVersion":"v1"},"done":true,"response":{"@type":"type.googleapis.com/google.firebase.dataconnect.v1.Schema","name":"projects/giftedsolutions-53124/locations/us-east4/services/giftedsolutions/schemas/main","createTime":"2025-10-18T06:49:12.097358303Z","updateTime":"2025-10-18T06:49:12.097358303Z","uid":"8105258f-9e2d-436c-9fa5-e5b890742e1b","reconciling":false,"etag":"wG3I8mauyzSWXXEP_nH8B_4lDnB9SPeHHYvVfxZW1uo"}}
[debug] [2025-10-18T06:49:12.609Z] Checked if tokens are valid: true, expires at: 1760773590856
[debug] [2025-10-18T06:49:12.609Z] Checked if tokens are valid: true, expires at: 1760773590856
[debug] [2025-10-18T06:49:12.610Z] Checked if tokens are valid: true, expires at: 1760773590856
[debug] [2025-10-18T06:49:12.610Z] Checked if tokens are valid: true, expires at: 1760773590856
[debug] [2025-10-18T06:49:12.610Z] >>> [apiv2][query] POST https://cloudaicompanion.googleapis.com/v1beta/projects/giftedsolutions-53124/locations/global/instances/default:completeTask [none]
[debug] [2025-10-18T06:49:12.610Z] >>> [apiv2][body] POST https://cloudaicompanion.googleapis.com/v1beta/projects/giftedsolutions-53124/locations/global/instances/default:completeTask {"input":{"messages":[{"content":"Create 4 operations for an app using the instance schema with proper authentication.","author":"USER"}]},"experienceContext":{"experience":"/appeco/firebase/fdc-query-generator"},"clientContext":{"additionalContext":{"@type":"type.googleapis.com/google.cloud.cloudaicompanion.v1main.FirebaseChatRequestContext","fdcInfo":{"fdcServiceName":"projects/giftedsolutions-53124/locations/us-east4/services/giftedsolutions","requiresQuery":true}}}}
[debug] [2025-10-18T06:49:12.610Z] >>> [apiv2][query] POST https://cloudaicompanion.googleapis.com/v1beta/projects/giftedsolutions-53124/locations/global/instances/default:completeTask [none]
[debug] [2025-10-18T06:49:12.610Z] >>> [apiv2][body] POST https://cloudaicompanion.googleapis.com/v1beta/projects/giftedsolutions-53124/locations/global/instances/default:completeTask {"input":{"messages":[{"content":"Create a mutation to populate the database with some seed data.","author":"USER"}]},"experienceContext":{"experience":"/appeco/firebase/fdc-query-generator"},"clientContext":{"additionalContext":{"@type":"type.googleapis.com/google.cloud.cloudaicompanion.v1main.FirebaseChatRequestContext","fdcInfo":{"fdcServiceName":"projects/giftedsolutions-53124/locations/us-east4/services/giftedsolutions","requiresQuery":true}}}}
[debug] [2025-10-18T06:49:15.872Z] <<< [apiv2][status] POST https://cloudaicompanion.googleapis.com/v1beta/projects/giftedsolutions-53124/locations/global/instances/default:completeTask 200
[debug] [2025-10-18T06:49:15.872Z] <<< [apiv2][body] POST https://cloudaicompanion.googleapis.com/v1beta/projects/giftedsolutions-53124/locations/global/instances/default:completeTask {"output":{"messages":[{"content":"```graphql\nmutation AddReview($productId: UUID!, $userId: UUID!, $rating: Int!, $reviewText: String!) @auth(level: USER) {\n  review_insert(data: {productId: $productId, userId: $userId, rating: $rating, reviewText: $reviewText, createdAt_expr: \"request.time\"})\n}\n\nquery GetProductReviews($productId: UUID!) @auth(level: PUBLIC, insecureReason: \"This operation is safe to expose to the public\") {\n  reviews(where: {productId: {eq: $productId}}) {\n    id\n    userId\n    rating\n    reviewText\n    createdAt\n  }\n}\n\nmutation CreateProduct($sellerId: UUID!, $name: String!, $description: String!, $price: Float!, $stockQuantity: Int!, $category: String!) @auth(level: USER) {\n  product_insert(data: {sellerId: $sellerId, name: $name, description: $description, price: $price, stockQuantity: $stockQuantity, category: $category, createdAt_expr: \"request.time\"})\n}\n\nquery ListProductsByCategory($category: String!) @auth(level: PUBLIC, insecureReason: \"This operation is safe to expose to the public\") {\n  products(where: {category: {eq: $category}}) {\n    id\n    name\n    description\n    price\n    stockQuantity\n  }\n}\n```","author":"model"}]},"outputDataContext":{"additionalContext":{"@type":"type.googleapis.com/google.cloud.cloudaicompanion.v1main.ChatOutputDataContext","relatedContent":{}}},"attributionContext":{"citationMetadata":{}}}
[debug] [2025-10-18T06:49:21.490Z] <<< [apiv2][status] POST https://cloudaicompanion.googleapis.com/v1beta/projects/giftedsolutions-53124/locations/global/instances/default:completeTask 200
[debug] [2025-10-18T06:49:21.490Z] <<< [apiv2][body] POST https://cloudaicompanion.googleapis.com/v1beta/projects/giftedsolutions-53124/locations/global/instances/default:completeTask {"output":{"messages":[{"content":"```graphql\nmutation SeedDatabase @transaction @auth(level: PUBLIC, insecureReason: \"This operation is only used to populate the database with seed data and is safe to expose to the public.\") {\n  user_insertMany(data: [\n    {\n      id: \"550e8400-e29b-41d4-a716-446655440000\",\n      displayName: \"demouser1\",\n      email: \"demouser1@example.com\",\n      createdAt: \"2024-01-01T00:00:00Z\"\n    },\n    {\n      id: \"550e8400-e29b-41d4-a716-446655440001\",\n      displayName: \"demouser2\",\n      email: \"demouser2@example.com\",\n      createdAt: \"2024-01-01T00:00:00Z\"\n    }\n  ])\n  product_insertMany(data: [\n    {\n      id: \"550e8400-e29b-41d4-a716-446655440002\",\n      sellerId: \"550e8400-e29b-41d4-a716-446655440000\",\n      name: \"Example Product 1\",\n      description: \"This is an example product\",\n      price: 20.00,\n      stockQuantity: 100,\n      createdAt: \"2024-01-02T00:00:00Z\"\n    },\n    {\n      id: \"550e8400-e29b-41d4-a716-446655440003\",\n      sellerId: \"550e8400-e29b-41d4-a716-446655440001\",\n      name: \"Example Product 2\",\n      description: \"This is another example product\",\n      price: 30.00,\n      stockQuantity: 50,\n      createdAt: \"2024-01-03T00:00:00Z\"\n    }\n  ])\n  review_insertMany(data: [\n    {\n      id: \"550e8400-e29b-41d4-a716-446655440004\",\n      productId: \"550e8400-e29b-41d4-a716-446655440002\",\n      userId: \"550e8400-e29b-41d4-a716-446655440000\",\n      rating: 5,\n      reviewText: \"Great product!\",\n      createdAt: \"2024-01-04T00:00:00Z\"\n    },\n    {\n      id: \"550e8400-e29b-41d4-a716-446655440005\",\n      productId: \"550e8400-e29b-41d4-a716-446655440003\",\n      userId: \"550e8400-e29b-41d4-a716-446655440001\",\n      rating: 4,\n      reviewText: \"Good product!\",\n      createdAt: \"2024-01-05T00:00:00Z\"\n    }\n  ])\n  order_insertMany(data: [\n    {\n      id: \"550e8400-e29b-41d4-a716-446655440006\",\n      buyerId: \"550e8400-e29b-41d4-a716-446655440000\",\n      orderDate: \"2024-01-06T00:00:00Z\",\n      status: \"Shipped\",\n      totalAmount: 20.00\n    },\n    {\n      id: \"550e8400-e29b-41d4-a716-446655440007\",\n      buyerId: \"550e8400-e29b-41d4-a716-446655440001\",\n      orderDate: \"2024-01-07T00:00:00Z\",\n      status: \"Delivered\",\n      totalAmount: 30.00\n    }\n  ])\n  orderItem_insertMany(data: [\n    {\n      orderId: \"550e8400-e29b-41d4-a716-446655440006\",\n      productId: \"550e8400-e29b-41d4-a716-446655440002\",\n      quantity: 1,\n      unitPrice: 20.00\n    },\n    {\n      orderId: \"550e8400-e29b-41d4-a716-446655440007\",\n      productId: \"550e8400-e29b-41d4-a716-446655440003\",\n      quantity: 1,\n      unitPrice: 30.00\n    }\n  ])\n}\n```","author":"model"}]},"outputDataContext":{"additionalContext":{"@type":"type.googleapis.com/google.cloud.cloudaicompanion.v1main.ChatOutputDataContext","relatedContent":{}}},"attributionContext":{"citationMetadata":{}}}
[info] ✔  Wrote dataconnect/dataconnect.yaml 
[info] ✔  Wrote dataconnect/seed_data.gql 
[info] ✔  Wrote dataconnect/schema/schema.gql 
[info] ✔  Wrote dataconnect/example/connector.yaml 
[info] ✔  Wrote dataconnect/example/queries.gql 
[info] ✔  Wrote dataconnect/example/connector.yaml 
[info] i  dataconnect: Installing the generated SDKs ... 
[info] i  dataconnect: downloading dataconnect-emulator-2.15.0... {"metadata":{"emulator":{"name":"dataconnect"},"message":"downloading dataconnect-emulator-2.15.0..."}}
[debug] [2025-10-18T06:49:21.520Z] >>> [apiv2][query] GET https://storage.googleapis.com/firemat-preview-drop/emulator/dataconnect-emulator-linux-v2.15.0 
[debug] [2025-10-18T06:49:24.154Z] <<< [apiv2][status] GET https://storage.googleapis.com/firemat-preview-drop/emulator/dataconnect-emulator-linux-v2.15.0 200
[debug] [2025-10-18T06:49:24.154Z] <<< [apiv2][body] GET https://storage.googleapis.com/firemat-preview-drop/emulator/dataconnect-emulator-linux-v2.15.0 [stream]
[debug] [2025-10-18T06:53:28.380Z] defaultcredentials: writing to file /home/bupe/.config/firebase/giftedsolutions20_gmail_com_application_default_credentials.json
